{"C:\\Users\\Brandon\\Documents\\Courses\\munch-back-end\\src\\constant\\CommonConstants.ts": {"path":"C:\\Users\\Brandon\\Documents\\Courses\\munch-back-end\\src\\constant\\CommonConstants.ts","statementMap":{"0":{"start":{"line":8,"column":26},"end":{"line":8,"column":38}},"1":{"start":{"line":13,"column":33},"end":{"line":13,"column":38}},"2":{"start":{"line":18,"column":33},"end":{"line":18,"column":43}},"3":{"start":{"line":23,"column":28},"end":{"line":23,"column":147}},"4":{"start":{"line":28,"column":23},"end":{"line":28,"column":32}},"5":{"start":{"line":33,"column":23},"end":{"line":33,"column":32}}},"fnMap":{},"branchMap":{},"s":{"0":1,"1":1,"2":1,"3":1,"4":1,"5":1},"f":{},"b":{},"_coverageSchema":"1a1c01bbd47fc00a2c39e90264f33305004495a9","hash":"2bcca3b127f282cb3b86472b7f34859398d3a854"}
,"C:\\Users\\Brandon\\Documents\\Courses\\munch-back-end\\src\\controller\\databaseController.ts": {"path":"C:\\Users\\Brandon\\Documents\\Courses\\munch-back-end\\src\\controller\\databaseController.ts","statementMap":{"0":{"start":{"line":17,"column":4},"end":{"line":17,"column":29}},"1":{"start":{"line":18,"column":4},"end":{"line":18,"column":77}},"2":{"start":{"line":21,"column":23},"end":{"line":42,"column":3}},"3":{"start":{"line":22,"column":4},"end":{"line":41,"column":5}},"4":{"start":{"line":23,"column":6},"end":{"line":25,"column":7}},"5":{"start":{"line":24,"column":8},"end":{"line":24,"column":51}},"6":{"start":{"line":26,"column":6},"end":{"line":32,"column":9}},"7":{"start":{"line":33,"column":6},"end":{"line":35,"column":9}},"8":{"start":{"line":37,"column":6},"end":{"line":37,"column":25}},"9":{"start":{"line":38,"column":6},"end":{"line":40,"column":9}},"10":{"start":{"line":44,"column":30},"end":{"line":46,"column":3}},"11":{"start":{"line":45,"column":4},"end":{"line":45,"column":103}}},"fnMap":{"0":{"name":"(anonymous_0)","decl":{"start":{"line":16,"column":2},"end":{"line":16,"column":3}},"loc":{"start":{"line":16,"column":34},"end":{"line":19,"column":3}},"line":16},"1":{"name":"(anonymous_1)","decl":{"start":{"line":21,"column":23},"end":{"line":21,"column":24}},"loc":{"start":{"line":21,"column":62},"end":{"line":42,"column":3}},"line":21},"2":{"name":"(anonymous_2)","decl":{"start":{"line":44,"column":30},"end":{"line":44,"column":31}},"loc":{"start":{"line":44,"column":54},"end":{"line":46,"column":3}},"line":44}},"branchMap":{"0":{"loc":{"start":{"line":23,"column":6},"end":{"line":25,"column":7}},"type":"if","locations":[{"start":{"line":23,"column":6},"end":{"line":25,"column":7}},{"start":{},"end":{}}],"line":23},"1":{"loc":{"start":{"line":45,"column":11},"end":{"line":45,"column":102}},"type":"binary-expr","locations":[{"start":{"line":45,"column":11},"end":{"line":45,"column":15}},{"start":{"line":45,"column":19},"end":{"line":45,"column":38}},{"start":{"line":45,"column":42},"end":{"line":45,"column":52}},{"start":{"line":45,"column":56},"end":{"line":45,"column":69}},{"start":{"line":45,"column":73},"end":{"line":45,"column":86}},{"start":{"line":45,"column":90},"end":{"line":45,"column":102}}],"line":45}},"s":{"0":3,"1":3,"2":3,"3":4,"4":4,"5":3,"6":1,"7":1,"8":3,"9":3,"10":3,"11":4},"f":{"0":3,"1":4,"2":4},"b":{"0":[3,1],"1":[4,4,2,2,2,2]},"_coverageSchema":"1a1c01bbd47fc00a2c39e90264f33305004495a9","hash":"ca62118fbaf8fe94e0d121060563ca22b937257c"}
,"C:\\Users\\Brandon\\Documents\\Courses\\munch-back-end\\src\\database\\RestaurantSchema.ts": {"path":"C:\\Users\\Brandon\\Documents\\Courses\\munch-back-end\\src\\database\\RestaurantSchema.ts","statementMap":{"0":{"start":{"line":8,"column":25},"end":{"line":14,"column":2}}},"fnMap":{},"branchMap":{},"s":{"0":1},"f":{},"b":{},"_coverageSchema":"1a1c01bbd47fc00a2c39e90264f33305004495a9","hash":"817c7221ed759f95c3bc1354d5a999c944cf7bdd"}
,"C:\\Users\\Brandon\\Documents\\Courses\\munch-back-end\\tst\\util\\Util.ts": {"path":"C:\\Users\\Brandon\\Documents\\Courses\\munch-back-end\\tst\\util\\Util.ts","statementMap":{"0":{"start":{"line":5,"column":36},"end":{"line":10,"column":1}},"1":{"start":{"line":6,"column":19},"end":{"line":6,"column":21}},"2":{"start":{"line":7,"column":2},"end":{"line":7,"column":46}},"3":{"start":{"line":8,"column":2},"end":{"line":8,"column":44}},"4":{"start":{"line":9,"column":2},"end":{"line":9,"column":13}}},"fnMap":{"0":{"name":"(anonymous_0)","decl":{"start":{"line":5,"column":36},"end":{"line":5,"column":37}},"loc":{"start":{"line":5,"column":42},"end":{"line":10,"column":1}},"line":5}},"branchMap":{},"s":{"0":1,"1":4,"2":4,"3":4,"4":4},"f":{"0":4},"b":{},"_coverageSchema":"1a1c01bbd47fc00a2c39e90264f33305004495a9","hash":"788eec95d7527feba5b0bdbcb61c0b2b882139d2"}
}
