TN:
SF:src\constant\CommonConstants.ts
FNF:0
FNH:0
DA:8,1
DA:13,1
DA:18,1
DA:23,1
DA:28,1
DA:33,1
LF:6
LH:6
BRF:0
BRH:0
end_of_record
TN:
SF:src\controller\databaseController.ts
FN:16,(anonymous_0)
FN:21,(anonymous_1)
FN:44,(anonymous_2)
FNF:3
FNH:3
FNDA:3,(anonymous_0)
FNDA:4,(anonymous_1)
FNDA:4,(anonymous_2)
DA:17,3
DA:18,3
DA:21,3
DA:22,4
DA:23,4
DA:24,3
DA:26,1
DA:33,1
DA:37,3
DA:38,3
DA:44,3
DA:45,4
LF:12
LH:12
BRDA:23,0,0,3
BRDA:23,0,1,1
BRDA:45,1,0,4
BRDA:45,1,1,4
BRDA:45,1,2,2
BRDA:45,1,3,2
BRDA:45,1,4,2
BRDA:45,1,5,2
BRF:8
BRH:8
end_of_record
TN:
SF:src\database\RestaurantSchema.ts
FNF:0
FNH:0
DA:8,1
LF:1
LH:1
BRF:0
BRH:0
end_of_record
TN:
SF:tst\util\Util.ts
FN:5,(anonymous_0)
FNF:1
FNH:1
FNDA:4,(anonymous_0)
DA:5,1
DA:6,4
DA:7,4
DA:8,4
DA:9,4
LF:5
LH:5
BRF:0
BRH:0
end_of_record
